mode: set
lr3/lr3/array.go:14.24,16.2 1 1
lr3/lr3/array.go:18.28,20.2 1 1
lr3/lr3/array.go:22.44,23.31 1 1
lr3/lr3/array.go:23.31,25.3 1 1
lr3/lr3/array.go:26.2,26.23 1 1
lr3/lr3/array.go:29.44,30.31 1 1
lr3/lr3/array.go:30.31,32.3 1 1
lr3/lr3/array.go:33.2,34.12 2 1
lr3/lr3/array.go:37.36,39.2 1 1
lr3/lr3/array.go:41.37,43.2 1 1
lr3/lr3/array.go:45.49,46.30 1 1
lr3/lr3/array.go:46.30,48.3 1 1
lr3/lr3/array.go:49.2,50.12 2 1
lr3/lr3/array.go:53.43,55.12 2 1
lr3/lr3/array.go:55.12,57.3 1 1
lr3/lr3/array.go:58.2,60.15 3 1
lr3/lr3/array.go:63.44,64.22 1 1
lr3/lr3/array.go:64.22,66.3 1 1
lr3/lr3/array.go:67.2,69.15 3 1
lr3/lr3/array.go:74.45,76.16 2 1
lr3/lr3/array.go:76.16,78.3 1 1
lr3/lr3/array.go:79.2,82.27 3 1
lr3/lr3/array.go:82.27,83.52 1 1
lr3/lr3/array.go:83.52,85.4 1 0
lr3/lr3/array.go:87.2,87.18 1 1
lr3/lr3/array.go:90.45,92.16 2 1
lr3/lr3/array.go:92.16,94.3 1 1
lr3/lr3/array.go:95.2,99.16 4 1
lr3/lr3/array.go:99.16,101.3 1 1
lr3/lr3/array.go:102.2,102.17 1 1
lr3/lr3/array.go:107.47,109.16 2 1
lr3/lr3/array.go:109.16,111.3 1 1
lr3/lr3/array.go:112.2,114.81 2 1
lr3/lr3/array.go:114.81,116.3 1 0
lr3/lr3/array.go:117.2,117.27 1 1
lr3/lr3/array.go:117.27,119.77 2 1
lr3/lr3/array.go:119.77,121.4 1 0
lr3/lr3/array.go:122.3,122.39 1 1
lr3/lr3/array.go:122.39,124.4 1 0
lr3/lr3/array.go:126.2,126.12 1 1
lr3/lr3/array.go:129.47,131.16 2 1
lr3/lr3/array.go:131.16,133.3 1 1
lr3/lr3/array.go:134.2,139.64 4 1
lr3/lr3/array.go:139.64,141.3 1 0
lr3/lr3/array.go:142.2,142.32 1 1
lr3/lr3/array.go:142.32,144.65 2 1
lr3/lr3/array.go:144.65,146.4 1 0
lr3/lr3/array.go:147.3,148.40 2 1
lr3/lr3/array.go:148.40,150.4 1 0
lr3/lr3/array.go:151.3,151.39 1 1
lr3/lr3/array.go:153.2,153.12 1 1
lr3/lr3/avl.go:19.24,21.2 1 1
lr3/lr3/avl.go:24.30,26.2 1 1
lr3/lr3/avl.go:29.34,31.2 1 1
lr3/lr3/avl.go:34.49,37.14 3 1
lr3/lr3/avl.go:37.14,39.3 1 1
lr3/lr3/avl.go:42.29,43.14 1 1
lr3/lr3/avl.go:43.14,45.3 1 1
lr3/lr3/avl.go:46.2,46.17 1 1
lr3/lr3/avl.go:49.31,52.13 3 1
lr3/lr3/avl.go:52.13,54.3 1 1
lr3/lr3/avl.go:54.8,56.3 1 1
lr3/lr3/avl.go:59.36,61.2 1 1
lr3/lr3/avl.go:64.39,74.2 7 1
lr3/lr3/avl.go:77.38,87.2 7 1
lr3/lr3/avl.go:89.40,94.12 3 1
lr3/lr3/avl.go:94.12,96.35 1 1
lr3/lr3/avl.go:96.35,98.4 1 1
lr3/lr3/avl.go:100.3,100.27 1 1
lr3/lr3/avl.go:104.2,104.13 1 1
lr3/lr3/avl.go:104.13,106.36 1 1
lr3/lr3/avl.go:106.36,108.4 1 1
lr3/lr3/avl.go:110.3,110.26 1 1
lr3/lr3/avl.go:113.2,113.13 1 1
lr3/lr3/avl.go:116.84,117.17 1 1
lr3/lr3/avl.go:117.17,119.3 1 1
lr3/lr3/avl.go:120.2,120.20 1 1
lr3/lr3/avl.go:120.20,123.15 3 1
lr3/lr3/avl.go:123.15,125.4 1 1
lr3/lr3/avl.go:126.3,126.24 1 1
lr3/lr3/avl.go:128.2,128.20 1 1
lr3/lr3/avl.go:128.20,131.15 3 1
lr3/lr3/avl.go:131.15,133.4 1 1
lr3/lr3/avl.go:134.3,134.24 1 1
lr3/lr3/avl.go:138.2,139.20 2 1
lr3/lr3/avl.go:143.48,145.15 2 1
lr3/lr3/avl.go:145.15,146.18 1 1
lr3/lr3/avl.go:146.18,148.4 1 1
lr3/lr3/avl.go:148.9,148.25 1 1
lr3/lr3/avl.go:148.25,150.4 1 1
lr3/lr3/avl.go:150.9,152.4 1 1
lr3/lr3/avl.go:154.2,154.18 1 1
lr3/lr3/avl.go:158.42,161.2 2 1
lr3/lr3/avl.go:164.40,167.13 3 1
lr3/lr3/avl.go:167.13,169.3 1 1
lr3/lr3/avl.go:170.2,170.16 1 1
lr3/lr3/avl.go:173.70,174.17 1 1
lr3/lr3/avl.go:174.17,176.3 1 1
lr3/lr3/avl.go:178.2,180.20 2 1
lr3/lr3/avl.go:180.20,182.3 1 1
lr3/lr3/avl.go:182.8,182.27 1 1
lr3/lr3/avl.go:182.27,184.3 1 1
lr3/lr3/avl.go:184.8,188.23 2 1
lr3/lr3/avl.go:188.23,190.4 1 1
lr3/lr3/avl.go:191.3,191.24 1 1
lr3/lr3/avl.go:191.24,193.4 1 0
lr3/lr3/avl.go:195.3,196.28 2 1
lr3/lr3/avl.go:196.28,198.4 1 0
lr3/lr3/avl.go:199.3,201.56 3 1
lr3/lr3/avl.go:204.2,204.17 1 1
lr3/lr3/avl.go:204.17,206.3 1 0
lr3/lr3/avl.go:207.2,208.22 2 1
lr3/lr3/avl.go:212.45,213.19 1 1
lr3/lr3/avl.go:213.19,215.3 1 1
lr3/lr3/avl.go:216.2,217.20 2 1
lr3/lr3/avl.go:217.20,219.3 1 1
lr3/lr3/avl.go:220.2,220.29 1 1
lr3/lr3/avl.go:224.45,225.19 1 1
lr3/lr3/avl.go:225.19,227.3 1 1
lr3/lr3/avl.go:228.2,229.21 2 1
lr3/lr3/avl.go:229.21,231.3 1 1
lr3/lr3/avl.go:232.2,232.29 1 1
lr3/lr3/avl.go:236.46,239.25 3 1
lr3/lr3/avl.go:239.25,240.15 1 1
lr3/lr3/avl.go:240.15,242.4 1 1
lr3/lr3/avl.go:243.3,245.15 3 1
lr3/lr3/avl.go:247.2,248.12 2 1
lr3/lr3/double_list.go:22.34,24.2 1 1
lr3/lr3/double_list.go:26.33,28.2 1 1
lr3/lr3/double_list.go:30.37,32.2 1 1
lr3/lr3/double_list.go:34.30,36.17 2 1
lr3/lr3/double_list.go:36.17,41.3 4 1
lr3/lr3/double_list.go:42.2,44.12 3 1
lr3/lr3/double_list.go:47.42,49.19 2 1
lr3/lr3/double_list.go:49.19,52.3 2 1
lr3/lr3/double_list.go:52.8,56.3 3 1
lr3/lr3/double_list.go:57.2,57.10 1 1
lr3/lr3/double_list.go:60.41,62.19 2 1
lr3/lr3/double_list.go:62.19,65.3 2 1
lr3/lr3/double_list.go:65.8,69.3 3 1
lr3/lr3/double_list.go:70.2,70.10 1 1
lr3/lr3/double_list.go:73.49,74.19 1 1
lr3/lr3/double_list.go:74.19,76.3 1 1
lr3/lr3/double_list.go:77.2,79.19 3 1
lr3/lr3/double_list.go:79.19,81.3 1 1
lr3/lr3/double_list.go:81.8,83.3 1 1
lr3/lr3/double_list.go:84.2,85.15 2 1
lr3/lr3/double_list.go:88.48,89.19 1 1
lr3/lr3/double_list.go:89.19,91.3 1 1
lr3/lr3/double_list.go:92.2,94.19 3 1
lr3/lr3/double_list.go:94.19,96.3 1 1
lr3/lr3/double_list.go:96.8,98.3 1 1
lr3/lr3/double_list.go:99.2,100.15 2 1
lr3/lr3/double_list.go:103.57,105.17 2 1
lr3/lr3/double_list.go:105.17,106.25 1 1
lr3/lr3/double_list.go:106.25,110.23 4 1
lr3/lr3/double_list.go:110.23,112.5 1 1
lr3/lr3/double_list.go:112.10,114.5 1 0
lr3/lr3/double_list.go:115.4,117.15 3 1
lr3/lr3/double_list.go:119.3,119.17 1 1
lr3/lr3/double_list.go:121.2,121.14 1 1
lr3/lr3/double_list.go:124.58,126.17 2 1
lr3/lr3/double_list.go:126.17,127.25 1 1
lr3/lr3/double_list.go:127.25,131.23 4 1
lr3/lr3/double_list.go:131.23,133.5 1 0
lr3/lr3/double_list.go:133.10,135.5 1 1
lr3/lr3/double_list.go:136.4,138.15 3 1
lr3/lr3/double_list.go:140.3,140.17 1 1
lr3/lr3/double_list.go:142.2,142.14 1 1
lr3/lr3/double_list.go:145.51,147.17 2 1
lr3/lr3/double_list.go:147.17,148.20 1 1
lr3/lr3/double_list.go:148.20,149.23 1 1
lr3/lr3/double_list.go:149.23,151.5 1 1
lr3/lr3/double_list.go:151.10,153.5 1 1
lr3/lr3/double_list.go:154.4,154.23 1 1
lr3/lr3/double_list.go:154.23,156.5 1 1
lr3/lr3/double_list.go:156.10,158.5 1 1
lr3/lr3/double_list.go:159.4,160.15 2 1
lr3/lr3/double_list.go:162.3,162.17 1 1
lr3/lr3/double_list.go:164.2,164.14 1 1
lr3/lr3/double_list.go:167.44,169.17 2 0
lr3/lr3/double_list.go:169.17,170.20 1 0
lr3/lr3/double_list.go:170.20,172.4 1 0
lr3/lr3/double_list.go:173.3,173.17 1 0
lr3/lr3/double_list.go:175.2,175.14 1 0
lr3/lr3/double_list.go:180.50,182.16 2 1
lr3/lr3/double_list.go:182.16,184.3 1 1
lr3/lr3/double_list.go:185.2,189.17 4 1
lr3/lr3/double_list.go:189.17,190.59 1 1
lr3/lr3/double_list.go:190.59,192.4 1 0
lr3/lr3/double_list.go:193.3,193.17 1 1
lr3/lr3/double_list.go:195.2,195.18 1 1
lr3/lr3/double_list.go:198.50,200.16 2 1
lr3/lr3/double_list.go:200.16,202.3 1 1
lr3/lr3/double_list.go:203.2,207.16 4 1
lr3/lr3/double_list.go:207.16,209.3 1 1
lr3/lr3/double_list.go:210.2,210.17 1 1
lr3/lr3/double_list.go:215.52,217.16 2 1
lr3/lr3/double_list.go:217.16,219.3 1 1
lr3/lr3/double_list.go:220.2,222.76 2 1
lr3/lr3/double_list.go:222.76,224.3 1 0
lr3/lr3/double_list.go:225.2,226.17 2 1
lr3/lr3/double_list.go:226.17,228.77 2 1
lr3/lr3/double_list.go:228.77,230.4 1 0
lr3/lr3/double_list.go:231.3,231.39 1 1
lr3/lr3/double_list.go:231.39,233.4 1 0
lr3/lr3/double_list.go:234.3,234.17 1 1
lr3/lr3/double_list.go:236.2,236.12 1 1
lr3/lr3/double_list.go:239.52,241.16 2 1
lr3/lr3/double_list.go:241.16,243.3 1 1
lr3/lr3/double_list.go:244.2,249.64 4 1
lr3/lr3/double_list.go:249.64,251.3 1 0
lr3/lr3/double_list.go:252.2,252.32 1 1
lr3/lr3/double_list.go:252.32,254.66 2 1
lr3/lr3/double_list.go:254.66,256.4 1 0
lr3/lr3/double_list.go:257.3,258.40 2 1
lr3/lr3/double_list.go:258.40,260.4 1 0
lr3/lr3/double_list.go:261.3,261.26 1 1
lr3/lr3/double_list.go:263.2,263.12 1 1
lr3/lr3/hashtable.go:22.32,27.2 1 1
lr3/lr3/hashtable.go:29.32,31.2 1 1
lr3/lr3/hashtable.go:33.36,35.2 1 1
lr3/lr3/hashtable.go:37.42,41.2 3 1
lr3/lr3/hashtable.go:44.44,49.38 3 1
lr3/lr3/hashtable.go:49.38,50.19 1 1
lr3/lr3/hashtable.go:50.19,53.4 2 1
lr3/lr3/hashtable.go:57.2,59.10 3 1
lr3/lr3/hashtable.go:63.52,65.48 2 1
lr3/lr3/hashtable.go:65.48,66.19 1 1
lr3/lr3/hashtable.go:66.19,68.4 1 1
lr3/lr3/hashtable.go:70.2,70.18 1 1
lr3/lr3/hashtable.go:74.45,77.17 3 1
lr3/lr3/hashtable.go:77.17,79.3 1 1
lr3/lr3/hashtable.go:81.2,81.21 1 1
lr3/lr3/hashtable.go:81.21,85.3 3 1
lr3/lr3/hashtable.go:87.2,88.43 2 1
lr3/lr3/hashtable.go:88.43,89.19 1 1
lr3/lr3/hashtable.go:89.19,93.4 3 0
lr3/lr3/hashtable.go:94.3,94.11 1 1
lr3/lr3/hashtable.go:96.2,96.14 1 1
lr3/lr3/hashtable.go:102.49,104.16 2 1
lr3/lr3/hashtable.go:104.16,106.3 1 0
lr3/lr3/hashtable.go:107.2,110.33 3 1
lr3/lr3/hashtable.go:110.33,111.39 1 1
lr3/lr3/hashtable.go:111.39,112.73 1 1
lr3/lr3/hashtable.go:112.73,114.5 1 0
lr3/lr3/hashtable.go:117.2,117.18 1 1
lr3/lr3/hashtable.go:120.49,122.16 2 1
lr3/lr3/hashtable.go:122.16,124.3 1 0
lr3/lr3/hashtable.go:125.2,132.16 5 1
lr3/lr3/hashtable.go:132.16,134.17 2 1
lr3/lr3/hashtable.go:134.17,135.12 1 1
lr3/lr3/hashtable.go:137.3,138.34 2 1
lr3/lr3/hashtable.go:138.34,139.22 1 1
lr3/lr3/hashtable.go:139.22,141.10 2 1
lr3/lr3/hashtable.go:144.3,144.37 1 1
lr3/lr3/hashtable.go:144.37,146.4 1 1
lr3/lr3/hashtable.go:147.3,149.18 3 1
lr3/lr3/hashtable.go:151.2,151.17 1 1
lr3/lr3/hashtable.go:162.51,164.16 2 1
lr3/lr3/hashtable.go:164.16,166.3 1 1
lr3/lr3/hashtable.go:167.2,169.76 2 1
lr3/lr3/hashtable.go:169.76,171.3 1 0
lr3/lr3/hashtable.go:172.2,172.33 1 1
lr3/lr3/hashtable.go:172.33,173.39 1 1
lr3/lr3/hashtable.go:173.39,176.79 3 1
lr3/lr3/hashtable.go:176.79,178.5 1 0
lr3/lr3/hashtable.go:179.4,179.41 1 1
lr3/lr3/hashtable.go:179.41,181.5 1 0
lr3/lr3/hashtable.go:182.4,182.79 1 1
lr3/lr3/hashtable.go:182.79,184.5 1 0
lr3/lr3/hashtable.go:185.4,185.41 1 1
lr3/lr3/hashtable.go:185.41,187.5 1 0
lr3/lr3/hashtable.go:190.2,190.12 1 1
lr3/lr3/hashtable.go:193.51,195.16 2 1
lr3/lr3/hashtable.go:195.16,197.3 1 1
lr3/lr3/hashtable.go:198.2,204.68 5 1
lr3/lr3/hashtable.go:204.68,206.3 1 0
lr3/lr3/hashtable.go:207.2,207.36 1 1
lr3/lr3/hashtable.go:207.36,209.68 2 1
lr3/lr3/hashtable.go:209.68,211.4 1 1
lr3/lr3/hashtable.go:212.3,213.39 2 1
lr3/lr3/hashtable.go:213.39,215.4 1 1
lr3/lr3/hashtable.go:217.3,218.68 2 1
lr3/lr3/hashtable.go:218.68,220.4 1 0
lr3/lr3/hashtable.go:221.3,222.39 2 1
lr3/lr3/hashtable.go:222.39,224.4 1 1
lr3/lr3/hashtable.go:225.3,225.32 1 1
lr3/lr3/hashtable.go:227.2,227.12 1 1
lr3/lr3/queue.go:14.24,16.2 1 1
lr3/lr3/queue.go:18.28,20.2 1 1
lr3/lr3/queue.go:22.32,24.2 1 1
lr3/lr3/queue.go:26.35,28.2 1 1
lr3/lr3/queue.go:30.43,31.22 1 1
lr3/lr3/queue.go:31.22,33.3 1 1
lr3/lr3/queue.go:34.2,36.15 3 1
lr3/lr3/queue.go:39.40,40.22 1 1
lr3/lr3/queue.go:40.22,42.3 1 1
lr3/lr3/queue.go:43.2,43.23 1 1
lr3/lr3/queue.go:48.45,50.16 2 1
lr3/lr3/queue.go:50.16,52.3 1 1
lr3/lr3/queue.go:53.2,56.27 3 1
lr3/lr3/queue.go:56.27,57.52 1 1
lr3/lr3/queue.go:57.52,59.4 1 0
lr3/lr3/queue.go:61.2,61.18 1 1
lr3/lr3/queue.go:64.45,66.16 2 1
lr3/lr3/queue.go:66.16,68.3 1 1
lr3/lr3/queue.go:69.2,73.16 4 1
lr3/lr3/queue.go:73.16,75.3 1 1
lr3/lr3/queue.go:76.2,76.17 1 1
lr3/lr3/queue.go:81.47,83.16 2 1
lr3/lr3/queue.go:83.16,85.3 1 1
lr3/lr3/queue.go:86.2,88.81 2 1
lr3/lr3/queue.go:88.81,90.3 1 0
lr3/lr3/queue.go:91.2,91.27 1 1
lr3/lr3/queue.go:91.27,93.77 2 1
lr3/lr3/queue.go:93.77,95.4 1 0
lr3/lr3/queue.go:96.3,96.39 1 1
lr3/lr3/queue.go:96.39,98.4 1 0
lr3/lr3/queue.go:100.2,100.12 1 1
lr3/lr3/queue.go:103.47,105.16 2 1
lr3/lr3/queue.go:105.16,107.3 1 1
lr3/lr3/queue.go:108.2,113.64 4 1
lr3/lr3/queue.go:113.64,115.3 1 0
lr3/lr3/queue.go:116.2,116.32 1 1
lr3/lr3/queue.go:116.32,118.65 2 1
lr3/lr3/queue.go:118.65,120.4 1 0
lr3/lr3/queue.go:121.3,122.40 2 1
lr3/lr3/queue.go:122.40,124.4 1 0
lr3/lr3/queue.go:125.3,125.39 1 1
lr3/lr3/queue.go:127.2,127.12 1 1
lr3/lr3/single_list.go:21.34,23.2 1 1
lr3/lr3/single_list.go:25.33,27.2 1 1
lr3/lr3/single_list.go:29.37,31.2 1 1
lr3/lr3/single_list.go:33.30,34.20 1 1
lr3/lr3/single_list.go:34.20,38.3 3 1
lr3/lr3/single_list.go:39.2,40.12 2 1
lr3/lr3/single_list.go:43.42,46.19 3 1
lr3/lr3/single_list.go:46.19,48.3 1 0
lr3/lr3/single_list.go:49.2,49.10 1 1
lr3/lr3/single_list.go:52.41,54.19 2 1
lr3/lr3/single_list.go:54.19,57.3 2 1
lr3/lr3/single_list.go:57.8,60.3 2 1
lr3/lr3/single_list.go:61.2,61.10 1 1
lr3/lr3/single_list.go:64.49,65.19 1 1
lr3/lr3/single_list.go:65.19,67.3 1 1
lr3/lr3/single_list.go:68.2,70.19 3 1
lr3/lr3/single_list.go:70.19,72.3 1 0
lr3/lr3/single_list.go:73.2,74.15 2 1
lr3/lr3/single_list.go:77.48,78.19 1 1
lr3/lr3/single_list.go:78.19,80.3 1 1
lr3/lr3/single_list.go:81.2,81.22 1 1
lr3/lr3/single_list.go:81.22,87.3 5 1
lr3/lr3/single_list.go:88.2,89.44 2 1
lr3/lr3/single_list.go:89.44,91.3 1 0
lr3/lr3/single_list.go:92.2,96.15 5 1
lr3/lr3/single_list.go:99.57,101.17 2 1
lr3/lr3/single_list.go:101.17,102.25 1 1
lr3/lr3/single_list.go:102.25,105.21 3 1
lr3/lr3/single_list.go:105.21,107.5 1 0
lr3/lr3/single_list.go:108.4,109.15 2 1
lr3/lr3/single_list.go:111.3,111.17 1 1
lr3/lr3/single_list.go:113.2,113.14 1 1
lr3/lr3/single_list.go:116.58,117.19 1 1
lr3/lr3/single_list.go:117.19,119.3 1 1
lr3/lr3/single_list.go:120.2,120.27 1 1
lr3/lr3/single_list.go:120.27,123.3 2 1
lr3/lr3/single_list.go:124.2,125.22 2 1
lr3/lr3/single_list.go:125.22,126.30 1 1
lr3/lr3/single_list.go:126.30,131.4 4 0
lr3/lr3/single_list.go:132.3,132.17 1 1
lr3/lr3/single_list.go:134.2,134.14 1 1
lr3/lr3/single_list.go:137.51,138.19 1 1
lr3/lr3/single_list.go:138.19,140.3 1 0
lr3/lr3/single_list.go:141.2,141.22 1 1
lr3/lr3/single_list.go:141.22,144.3 2 0
lr3/lr3/single_list.go:145.2,146.22 2 1
lr3/lr3/single_list.go:146.22,147.25 1 1
lr3/lr3/single_list.go:147.25,150.21 3 1
lr3/lr3/single_list.go:150.21,152.5 1 1
lr3/lr3/single_list.go:153.4,154.15 2 1
lr3/lr3/single_list.go:156.3,156.17 1 1
lr3/lr3/single_list.go:158.2,158.14 1 1
lr3/lr3/single_list.go:161.44,163.17 2 1
lr3/lr3/single_list.go:163.17,164.20 1 1
lr3/lr3/single_list.go:164.20,166.4 1 1
lr3/lr3/single_list.go:167.3,167.17 1 1
lr3/lr3/single_list.go:169.2,169.14 1 1
lr3/lr3/single_list.go:174.50,176.16 2 1
lr3/lr3/single_list.go:176.16,178.3 1 1
lr3/lr3/single_list.go:179.2,183.17 4 1
lr3/lr3/single_list.go:183.17,184.59 1 1
lr3/lr3/single_list.go:184.59,186.4 1 0
lr3/lr3/single_list.go:187.3,187.17 1 1
lr3/lr3/single_list.go:189.2,189.18 1 1
lr3/lr3/single_list.go:192.50,194.16 2 1
lr3/lr3/single_list.go:194.16,196.3 1 1
lr3/lr3/single_list.go:197.2,201.16 4 1
lr3/lr3/single_list.go:201.16,203.3 1 1
lr3/lr3/single_list.go:204.2,204.17 1 1
lr3/lr3/single_list.go:209.52,211.16 2 1
lr3/lr3/single_list.go:211.16,213.3 1 1
lr3/lr3/single_list.go:214.2,216.76 2 1
lr3/lr3/single_list.go:216.76,218.3 1 0
lr3/lr3/single_list.go:219.2,220.17 2 1
lr3/lr3/single_list.go:220.17,222.77 2 1
lr3/lr3/single_list.go:222.77,224.4 1 0
lr3/lr3/single_list.go:225.3,225.39 1 1
lr3/lr3/single_list.go:225.39,227.4 1 0
lr3/lr3/single_list.go:228.3,228.17 1 1
lr3/lr3/single_list.go:230.2,230.12 1 1
lr3/lr3/single_list.go:233.52,235.16 2 1
lr3/lr3/single_list.go:235.16,237.3 1 1
lr3/lr3/single_list.go:238.2,243.64 4 1
lr3/lr3/single_list.go:243.64,245.3 1 0
lr3/lr3/single_list.go:246.2,246.32 1 1
lr3/lr3/single_list.go:246.32,248.67 2 1
lr3/lr3/single_list.go:248.67,250.4 1 0
lr3/lr3/single_list.go:251.3,252.40 2 1
lr3/lr3/single_list.go:252.40,254.4 1 0
lr3/lr3/single_list.go:255.3,255.26 1 1
lr3/lr3/single_list.go:257.2,257.12 1 1
lr3/lr3/stack.go:14.24,16.2 1 1
lr3/lr3/stack.go:18.28,20.2 1 1
lr3/lr3/stack.go:22.32,24.2 1 1
lr3/lr3/stack.go:26.39,28.12 2 1
lr3/lr3/stack.go:28.12,30.3 1 1
lr3/lr3/stack.go:31.2,33.15 3 1
lr3/lr3/stack.go:36.40,38.12 2 1
lr3/lr3/stack.go:38.12,40.3 1 1
lr3/lr3/stack.go:41.2,41.25 1 1
lr3/lr3/stack.go:46.45,48.16 2 1
lr3/lr3/stack.go:48.16,50.3 1 1
lr3/lr3/stack.go:51.2,54.27 3 1
lr3/lr3/stack.go:54.27,55.52 1 1
lr3/lr3/stack.go:55.52,57.4 1 0
lr3/lr3/stack.go:59.2,59.18 1 1
lr3/lr3/stack.go:62.45,64.16 2 1
lr3/lr3/stack.go:64.16,66.3 1 1
lr3/lr3/stack.go:67.2,71.16 4 1
lr3/lr3/stack.go:71.16,73.3 1 1
lr3/lr3/stack.go:74.2,74.17 1 1
lr3/lr3/stack.go:79.47,81.16 2 1
lr3/lr3/stack.go:81.16,83.3 1 1
lr3/lr3/stack.go:84.2,86.81 2 1
lr3/lr3/stack.go:86.81,88.3 1 0
lr3/lr3/stack.go:89.2,89.27 1 1
lr3/lr3/stack.go:89.27,91.77 2 1
lr3/lr3/stack.go:91.77,93.4 1 0
lr3/lr3/stack.go:94.3,94.39 1 1
lr3/lr3/stack.go:94.39,96.4 1 0
lr3/lr3/stack.go:98.2,98.12 1 1
lr3/lr3/stack.go:101.47,103.16 2 1
lr3/lr3/stack.go:103.16,105.3 1 1
lr3/lr3/stack.go:106.2,111.64 4 1
lr3/lr3/stack.go:111.64,113.3 1 0
lr3/lr3/stack.go:114.2,114.32 1 1
lr3/lr3/stack.go:114.32,116.65 2 1
lr3/lr3/stack.go:116.65,118.4 1 0
lr3/lr3/stack.go:119.3,120.40 2 1
lr3/lr3/stack.go:120.40,122.4 1 0
lr3/lr3/stack.go:123.3,123.39 1 1
lr3/lr3/stack.go:125.2,125.12 1 1
